<?xml version="1.0" encoding="UTF-8"?>
<testsuite xmlns:xsi="http://www.w3.org/2001/XMLSchema-instance" xsi:noNamespaceSchemaLocation="https://maven.apache.org/surefire/maven-surefire-plugin/xsd/surefire-test-report.xsd" name="PrivateBankTest" time="0.059" tests="6" errors="5" skipped="0" failures="1">
  <properties>
[...]
</properties>
  <testcase name="TestCreateAccount" classname="PrivateBankTest" time="0.043">
    <failure message="testacc (1 failure)&#10;	bank.exceptions.AccountAlreadyExistsException: Exception thrown: Account existiert schon." type="org.opentest4j.MultipleFailuresError">org.opentest4j.MultipleFailuresError: 
testacc (1 failure)
	bank.exceptions.AccountAlreadyExistsException: Exception thrown: Account existiert schon.
	at PrivateBankTest.TestCreateAccount(PrivateBankTest.java:41)
</failure>
    <system-err><![CDATA[Fehler beim erstellen des Verzeichnisses C:\Users\alant\IdeaProjects\OOS-P\JsonFiles\testfiles
]]></system-err>
  </testcase>
  <testcase name="TestEquals" classname="PrivateBankTest" time="0.006">
    <error message="Exception thrown: Account existiert schon." type="bank.exceptions.AccountAlreadyExistsException">bank.exceptions.AccountAlreadyExistsException: Exception thrown: Account existiert schon.
	at PrivateBankTest.TestEquals(PrivateBankTest.java:127)
</error>
    <system-err><![CDATA[Fehler beim erstellen des Verzeichnisses C:\Users\alant\IdeaProjects\OOS-P\JsonFiles\testfiles
Fehler beim erstellen des Verzeichnisses C:\Users\alant\IdeaProjects\OOS-P\JsonFiles\testfiles
Fehler beim erstellen des Verzeichnisses C:\Users\alant\IdeaProjects\OOS-P\JsonFiles\testfiles
Fehler beim erstellen des Verzeichnisses C:\Users\alant\IdeaProjects\OOS-P\JsonFiles\testtmp
Fehler beim erstellen des Verzeichnisses C:\Users\alant\IdeaProjects\OOS-P\JsonFiles\testtmp
Fehler beim erstellen des Verzeichnisses C:\Users\alant\IdeaProjects\OOS-P\JsonFiles\testtmp
]]></system-err>
  </testcase>
  <testcase name="TestCreateAccountWithTransactions" classname="PrivateBankTest" time="0.002">
    <error message="Exception thrown: Account existiert schon." type="bank.exceptions.AccountAlreadyExistsException">bank.exceptions.AccountAlreadyExistsException: Exception thrown: Account existiert schon.
	at PrivateBankTest.TestCreateAccountWithTransactions(PrivateBankTest.java:54)
</error>
    <system-err><![CDATA[Fehler beim erstellen des Verzeichnisses C:\Users\alant\IdeaProjects\OOS-P\JsonFiles\testfiles
]]></system-err>
  </testcase>
  <testcase name="TestRemoveTransaction" classname="PrivateBankTest" time="0.002">
    <error message="Exception thrown: Account existiert schon." type="bank.exceptions.AccountAlreadyExistsException">bank.exceptions.AccountAlreadyExistsException: Exception thrown: Account existiert schon.
	at PrivateBankTest.TestRemoveTransaction(PrivateBankTest.java:96)
</error>
    <system-err><![CDATA[Fehler beim erstellen des Verzeichnisses C:\Users\alant\IdeaProjects\OOS-P\JsonFiles\testfiles
]]></system-err>
  </testcase>
  <testcase name="TestAddTransactions" classname="PrivateBankTest" time="0.002">
    <error message="Exception thrown: Account existiert schon." type="bank.exceptions.AccountAlreadyExistsException">bank.exceptions.AccountAlreadyExistsException: Exception thrown: Account existiert schon.
	at PrivateBankTest.TestAddTransactions(PrivateBankTest.java:73)
</error>
    <system-err><![CDATA[Fehler beim erstellen des Verzeichnisses C:\Users\alant\IdeaProjects\OOS-P\JsonFiles\testfiles
]]></system-err>
  </testcase>
  <testcase name="TestContainsTransaction" classname="PrivateBankTest" time="0.001">
    <error message="Exception thrown: Account existiert schon." type="bank.exceptions.AccountAlreadyExistsException">bank.exceptions.AccountAlreadyExistsException: Exception thrown: Account existiert schon.
	at PrivateBankTest.TestContainsTransaction(PrivateBankTest.java:115)
</error>
    <system-err><![CDATA[Fehler beim erstellen des Verzeichnisses C:\Users\alant\IdeaProjects\OOS-P\JsonFiles\testfiles
]]></system-err>
  </testcase>
</testsuite>